[INFO]|2019-09-07 11:23:16|yJ9Vv4EB|LaXFF|{'data_dir': '/tmp/tensorflow/mnist/input_data', 'dropout_rate': 0.5251389992130785, 'channel_1_num': 32, 'channel_2_num': 64, 'conv_size': 5, 'pool_size': 2, 'hidden_size': 512, 'learning_rate': 0.01, 'batch_num': 2000, 'batch_size': 16}|0.113500
[INFO]|2019-09-07 11:25:50|yJ9Vv4EB|KVZcE|{'data_dir': '/tmp/tensorflow/mnist/input_data', 'dropout_rate': 0.8116348573919347, 'channel_1_num': 32, 'channel_2_num': 64, 'conv_size': 5, 'pool_size': 2, 'hidden_size': 512, 'learning_rate': 0.1, 'batch_num': 2000, 'batch_size': 8}|0.098200
[INFO]|2019-09-07 11:30:04|dzIIJxuY|wrDWC|{'data_dir': '/tmp/tensorflow/mnist/input_data', 'dropout_rate': 0.8098586308027764, 'channel_1_num': 32, 'channel_2_num': 64, 'conv_size': 3, 'pool_size': 2, 'hidden_size': 1024, 'learning_rate': 0.01, 'batch_num': 2000, 'batch_size': 8}|0.101000
[INFO]|2019-09-07 11:31:34|dzIIJxuY|I2B2J|{'data_dir': '/tmp/tensorflow/mnist/input_data', 'dropout_rate': 0.5960924175924398, 'channel_1_num': 32, 'channel_2_num': 64, 'conv_size': 2, 'pool_size': 2, 'hidden_size': 512, 'learning_rate': 0.01, 'batch_num': 2000, 'batch_size': 32}|0.113500
[INFO]|2019-09-07 12:43:17|PEGY3zJN|jkPd2|{'data_dir': '/tmp/tensorflow/mnist/input_data', 'dropout_rate': 0.888346095709758, 'channel_1_num': 32, 'channel_2_num': 64, 'conv_size': 5, 'pool_size': 2, 'hidden_size': 1024, 'learning_rate': 0.1, 'batch_num': 2000, 'batch_size': 8}|0.098200
[INFO]|2019-09-07 12:46:19|PEGY3zJN|poGw0|{'data_dir': '/tmp/tensorflow/mnist/input_data', 'dropout_rate': 0.848409985923914, 'channel_1_num': 32, 'channel_2_num': 64, 'conv_size': 7, 'pool_size': 2, 'hidden_size': 1024, 'learning_rate': 0.01, 'batch_num': 2000, 'batch_size': 4}|0.100900
[INFO]|2019-09-07 13:05:05|MLzNmvcN|BVSk7|{'data_dir': '/tmp/tensorflow/mnist/input_data', 'dropout_rate': 0.6417443252944668, 'channel_1_num': 32, 'channel_2_num': 64, 'conv_size': 7, 'pool_size': 2, 'hidden_size': 124, 'learning_rate': 0.0001, 'batch_num': 2000, 'batch_size': 16}|0.946900
[INFO]|2019-09-07 13:08:13|MLzNmvcN|n3Mqf|{'data_dir': '/tmp/tensorflow/mnist/input_data', 'dropout_rate': 0.8169806748299807, 'channel_1_num': 32, 'channel_2_num': 64, 'conv_size': 5, 'pool_size': 2, 'hidden_size': 512, 'learning_rate': 0.01, 'batch_num': 2000, 'batch_size': 1}|0.113500
[INFO]|2019-09-07 13:10:20|GDRprsfH|BkGtH|{'data_dir': '/tmp/tensorflow/mnist/input_data', 'dropout_rate': 0.7822854994600881, 'channel_1_num': 32, 'channel_2_num': 64, 'conv_size': 5, 'pool_size': 2, 'hidden_size': 1024, 'learning_rate': 0.0001, 'batch_num': 2000, 'batch_size': 16}|0.949600
[INFO]|2019-09-07 13:13:31|GDRprsfH|sbbkF|{'data_dir': '/tmp/tensorflow/mnist/input_data', 'dropout_rate': 0.8948744097900883, 'channel_1_num': 32, 'channel_2_num': 64, 'conv_size': 7, 'pool_size': 2, 'hidden_size': 512, 'learning_rate': 0.001, 'batch_num': 2000, 'batch_size': 4}|0.903100
[INFO]|2019-09-07 14:36:22|WmdneDLv|BputL|{'data_dir': '/tmp/tensorflow/mnist/input_data', 'dropout_rate': 0.8911399809746624, 'channel_1_num': 32, 'channel_2_num': 64, 'conv_size': 7, 'pool_size': 2, 'hidden_size': 124, 'learning_rate': 0.01, 'batch_num': 2000, 'batch_size': 32}|0.949700
[INFO]|2019-09-07 14:39:34|WmdneDLv|z6H8M|{'data_dir': '/tmp/tensorflow/mnist/input_data', 'dropout_rate': 0.880944595470933, 'channel_1_num': 32, 'channel_2_num': 64, 'conv_size': 5, 'pool_size': 2, 'hidden_size': 1024, 'learning_rate': 0.0001, 'batch_num': 2000, 'batch_size': 8}|0.925600
[INFO]|2019-09-07 16:27:26|C8UWOpih|AP1m8|{'data_dir': '/tmp/tensorflow/mnist/input_data', 'batch_size': 16, 'hidden_size': 256, 'lr': 0.1, 'momentum': 0.60007778133352, 'epochs': 2, 'seed': 1, 'no_cuda': True, 'log_interval': 1000}|97.5800
[INFO]|2019-09-07 16:28:54|C8UWOpih|EdqGb|{'data_dir': '/tmp/tensorflow/mnist/input_data', 'batch_size': 16, 'hidden_size': 128, 'lr': 0.1, 'momentum': 0.23084475580151287, 'epochs': 2, 'seed': 1, 'no_cuda': True, 'log_interval': 1000}|98.5000
[INFO]|2019-09-07 20:48:53|FwLMbXZz|JCT13|{'data_dir': '/tmp/tensorflow/mnist/input_data', 'batch_size': 64, 'hidden_size': 1024, 'lr': 0.0001, 'momentum': 0.6230217114227915, 'epochs': 2, 'seed': 1, 'no_cuda': True, 'log_interval': 1000}|68.8800
[INFO]|2019-09-07 20:49:58|FwLMbXZz|IioZx|{'data_dir': '/tmp/tensorflow/mnist/input_data', 'batch_size': 128, 'hidden_size': 512, 'lr': 0.0001, 'momentum': 0.013939563488130857, 'epochs': 2, 'seed': 1, 'no_cuda': True, 'log_interval': 1000}|16.0800
[INFO]|2019-09-07 22:23:46|tiWFpGjr|s4WLi|{'data_dir': '/tmp/tensorflow/mnist/input_data', 'batch_size': 32, 'hidden_size': 256, 'lr': 0.0001, 'momentum': 0.5013149842787941, 'epochs': 2, 'seed': 1, 'no_cuda': True, 'log_interval': 1000}|68.1700
[INFO]|2019-09-07 22:25:05|tiWFpGjr|udgkF|{'data_dir': '/tmp/tensorflow/mnist/input_data', 'batch_size': 16, 'hidden_size': 128, 'lr': 0.1, 'momentum': 0.7928302946460233, 'epochs': 2, 'seed': 1, 'no_cuda': True, 'log_interval': 1000}|9.5800
[INFO]|2019-09-07 22:26:40|M25889h3|ktL9P|{'data_dir': '/tmp/tensorflow/mnist/input_data', 'batch_size': 32, 'hidden_size': 512, 'lr': 0.001, 'momentum': 0.1392116617053284, 'epochs': 2, 'seed': 1, 'no_cuda': True, 'log_interval': 1000}|92.900000
[INFO]|2019-09-07 22:27:43|M25889h3|f9UBn|{'data_dir': '/tmp/tensorflow/mnist/input_data', 'batch_size': 128, 'hidden_size': 128, 'lr': 0.01, 'momentum': 0.2243933638810739, 'epochs': 2, 'seed': 1, 'no_cuda': True, 'log_interval': 1000}|96.320000
[INFO]|2019-09-08 12:22:23|ukfGoz1R|fI8Xk|{'data_dir': '/tmp/tensorflow/mnist/input_data', 'batch_size': 32, 'hidden_size': 256, 'lr': 0.001, 'momentum': 0.6974511848820624, 'epochs': 2, 'seed': 1, 'no_cuda': True, 'log_interval': 1000}|98.570000
[INFO]|2019-09-08 12:23:24|ukfGoz1R|BH6Rh|{'data_dir': '/tmp/tensorflow/mnist/input_data', 'batch_size': 128, 'hidden_size': 128, 'lr': 0.1, 'momentum': 0.8226512792233587, 'epochs': 2, 'seed': 1, 'no_cuda': True, 'log_interval': 1000}|9.800000
